<?xml version="1.0" encoding="UTF-8"?>
<testng-results skipped="0" failed="0" ignored="0" total="3" passed="3">
  <reporter-output>
  </reporter-output>
  <suite name="Default suite" duration-ms="72" started-at="2022-08-13T16:31:27Z" finished-at="2022-08-13T16:31:27Z">
    <groups>
    </groups>
    <test name="Default test" duration-ms="72" started-at="2022-08-13T16:31:27Z" finished-at="2022-08-13T16:31:27Z">
      <class name="a01_annotationTest.AnnotationTest">
        <test-method status="PASS" signature="beforeSuite()[pri:0, instance:a01_annotationTest.AnnotationTest@5700d6b1]" name="beforeSuite" is-config="true" duration-ms="16" started-at="2022-08-13T22:01:27Z" finished-at="2022-08-13T22:01:27Z">
          <reporter-output>
          </reporter-output>
        </test-method> <!-- beforeSuite -->
        <test-method status="PASS" signature="beforeTest()[pri:0, instance:a01_annotationTest.AnnotationTest@5700d6b1]" name="beforeTest" is-config="true" duration-ms="1" started-at="2022-08-13T22:01:27Z" finished-at="2022-08-13T22:01:27Z">
          <reporter-output>
          </reporter-output>
        </test-method> <!-- beforeTest -->
        <test-method status="PASS" signature="beforeClass()[pri:0, instance:a01_annotationTest.AnnotationTest@5700d6b1]" name="beforeClass" is-config="true" duration-ms="1" started-at="2022-08-13T22:01:27Z" finished-at="2022-08-13T22:01:27Z">
          <reporter-output>
          </reporter-output>
        </test-method> <!-- beforeClass -->
        <test-method status="PASS" signature="beforeMethod()[pri:0, instance:a01_annotationTest.AnnotationTest@5700d6b1]" name="beforeMethod" is-config="true" duration-ms="1" started-at="2022-08-13T22:01:27Z" finished-at="2022-08-13T22:01:27Z">
          <reporter-output>
          </reporter-output>
        </test-method> <!-- beforeMethod -->
        <test-method status="PASS" signature="addToCartTest()[pri:0, instance:a01_annotationTest.AnnotationTest@5700d6b1]" name="addToCartTest" duration-ms="8" started-at="2022-08-13T22:01:27Z" finished-at="2022-08-13T22:01:27Z">
          <reporter-output>
          </reporter-output>
        </test-method> <!-- addToCartTest -->
        <test-method status="PASS" signature="afterMethod()[pri:0, instance:a01_annotationTest.AnnotationTest@5700d6b1]" name="afterMethod" is-config="true" duration-ms="2" started-at="2022-08-13T22:01:27Z" finished-at="2022-08-13T22:01:27Z">
          <reporter-output>
          </reporter-output>
        </test-method> <!-- afterMethod -->
        <test-method status="PASS" signature="beforeMethod()[pri:0, instance:a01_annotationTest.AnnotationTest@5700d6b1]" name="beforeMethod" is-config="true" duration-ms="1" started-at="2022-08-13T22:01:27Z" finished-at="2022-08-13T22:01:27Z">
          <reporter-output>
          </reporter-output>
        </test-method> <!-- beforeMethod -->
        <test-method status="PASS" signature="loginTest()[pri:0, instance:a01_annotationTest.AnnotationTest@5700d6b1]" name="loginTest" duration-ms="3" started-at="2022-08-13T22:01:27Z" finished-at="2022-08-13T22:01:27Z">
          <reporter-output>
          </reporter-output>
        </test-method> <!-- loginTest -->
        <test-method status="PASS" signature="afterMethod()[pri:0, instance:a01_annotationTest.AnnotationTest@5700d6b1]" name="afterMethod" is-config="true" duration-ms="0" started-at="2022-08-13T22:01:27Z" finished-at="2022-08-13T22:01:27Z">
          <reporter-output>
          </reporter-output>
        </test-method> <!-- afterMethod -->
        <test-method status="PASS" signature="registerTest()[pri:0, instance:a01_annotationTest.AnnotationTest@5700d6b1]" name="registerTest" duration-ms="2" started-at="2022-08-13T22:01:27Z" finished-at="2022-08-13T22:01:27Z">
          <reporter-output>
          </reporter-output>
        </test-method> <!-- registerTest -->
        <test-method status="PASS" signature="beforeMethod()[pri:0, instance:a01_annotationTest.AnnotationTest@5700d6b1]" name="beforeMethod" is-config="true" duration-ms="0" started-at="2022-08-13T22:01:27Z" finished-at="2022-08-13T22:01:27Z">
          <reporter-output>
          </reporter-output>
        </test-method> <!-- beforeMethod -->
        <test-method status="PASS" signature="afterMethod()[pri:0, instance:a01_annotationTest.AnnotationTest@5700d6b1]" name="afterMethod" is-config="true" duration-ms="0" started-at="2022-08-13T22:01:27Z" finished-at="2022-08-13T22:01:27Z">
          <reporter-output>
          </reporter-output>
        </test-method> <!-- afterMethod -->
        <test-method status="PASS" signature="afterClass()[pri:0, instance:a01_annotationTest.AnnotationTest@5700d6b1]" name="afterClass" is-config="true" duration-ms="3" started-at="2022-08-13T22:01:27Z" finished-at="2022-08-13T22:01:27Z">
          <reporter-output>
          </reporter-output>
        </test-method> <!-- afterClass -->
        <test-method status="PASS" signature="afterTest()[pri:0, instance:a01_annotationTest.AnnotationTest@5700d6b1]" name="afterTest" is-config="true" duration-ms="1" started-at="2022-08-13T22:01:27Z" finished-at="2022-08-13T22:01:27Z">
          <reporter-output>
          </reporter-output>
        </test-method> <!-- afterTest -->
        <test-method status="PASS" signature="afterSuite()[pri:0, instance:a01_annotationTest.AnnotationTest@5700d6b1]" name="afterSuite" is-config="true" duration-ms="0" started-at="2022-08-13T22:01:27Z" finished-at="2022-08-13T22:01:27Z">
          <reporter-output>
          </reporter-output>
        </test-method> <!-- afterSuite -->
      </class> <!-- a01_annotationTest.AnnotationTest -->
    </test> <!-- Default test -->
  </suite> <!-- Default suite -->
</testng-results>
