<?xml version="1.0" encoding="UTF-8"?>
<!-- Generated by org.testng.reporters.JUnitXMLReporter -->
<testsuite hostname="DESKTOP-6NF4S3B" ignored="0" name="Default test" tests="3" failures="0" timestamp="13 Aug 2022 16:31:27 GMT" time="0.072" errors="0">
  <testcase name="addToCartTest" time="0.008" classname="a01_annotationTest.AnnotationTest"/>
  <testcase name="loginTest" time="0.003" classname="a01_annotationTest.AnnotationTest"/>
  <testcase name="registerTest" time="0.002" classname="a01_annotationTest.AnnotationTest"/>
</testsuite> <!-- Default test -->
