<?xml version="1.0" encoding="UTF-8"?>
<!-- Generated by org.testng.reporters.JUnitXMLReporter -->
<testsuite hostname="DESKTOP-6NF4S3B" ignored="6" name="GRP-sanity" tests="4" failures="0" timestamp="15 Jun 2022 05:47:38 GMT" time="0.061" errors="0">
  <testcase name="Test1" time="0.016" classname="a01_annotationTest.GroupAnnotationTest"/>
  <testcase name="Test2" time="0.0" classname="a01_annotationTest.GroupAnnotationTest"/>
  <testcase name="Test1" time="0.0" classname="a02_keywordTest.GroupsTest"/>
  <testcase name="Test2" time="0.0" classname="a02_keywordTest.GroupsTest"/>
  <testcase name="Test5" time="0.0" classname="a02_keywordTest.GroupsTest">
    <ignored/>
  </testcase> <!-- Test5 -->
  <testcase name="Test3" time="0.0" classname="a02_keywordTest.GroupsTest">
    <ignored/>
  </testcase> <!-- Test3 -->
  <testcase name="Test3" time="0.0" classname="a01_annotationTest.GroupAnnotationTest">
    <ignored/>
  </testcase> <!-- Test3 -->
  <testcase name="Test4" time="0.0" classname="a01_annotationTest.GroupAnnotationTest">
    <ignored/>
  </testcase> <!-- Test4 -->
  <testcase name="Test4" time="0.0" classname="a02_keywordTest.GroupsTest">
    <ignored/>
  </testcase> <!-- Test4 -->
  <testcase name="Test5" time="0.0" classname="a01_annotationTest.GroupAnnotationTest">
    <ignored/>
  </testcase> <!-- Test5 -->
</testsuite> <!-- GRP-sanity -->
