<?xml version="1.0" encoding="UTF-8"?>
<!-- Generated by org.testng.reporters.JUnitXMLReporter -->
<testsuite hostname="DESKTOP-6NF4S3B" ignored="3" name="GRP-vcentry" tests="2" failures="0" timestamp="15 Jun 2022 06:11:33 GMT" time="0.058" errors="0">
  <testcase name="Test1" time="0.009" classname="a01_annotationTest.GroupAnnotationTest"/>
  <testcase name="Test2" time="0.002" classname="a01_annotationTest.GroupAnnotationTest"/>
  <testcase name="Test3" time="0.0" classname="a01_annotationTest.GroupAnnotationTest">
    <ignored/>
  </testcase> <!-- Test3 -->
  <testcase name="Test4" time="0.0" classname="a01_annotationTest.GroupAnnotationTest">
    <ignored/>
  </testcase> <!-- Test4 -->
  <testcase name="Test5" time="0.0" classname="a01_annotationTest.GroupAnnotationTest">
    <ignored/>
  </testcase> <!-- Test5 -->
</testsuite> <!-- GRP-vcentry -->
